<?xml version="1.0" encoding="UTF-8"?>
<testsuite xmlns:xsi="http://www.w3.org/2001/XMLSchema-instance" xsi:noNamespaceSchemaLocation="https://maven.apache.org/surefire/maven-surefire-plugin/xsd/surefire-test-report.xsd" version="3.0.2" name="com.techhub.springdatajpa_demo.SpringdatajpaDemoApplicationTests" time="2.987" tests="1" errors="0" skipped="0" failures="0">
  <properties>
    <property name="java.specification.version" value="17"/>
    <property name="sun.jnu.encoding" value="UTF-8"/>
    <property name="java.class.path" value="/home/nashtech/Documents/techhub-springdatajpa-demo/springdatajpa-demo/target/test-classes:/home/nashtech/Documents/techhub-springdatajpa-demo/springdatajpa-demo/target/classes:/home/nashtech/.m2/repository/org/springframework/boot/spring-boot-starter-data-jpa/3.5.3/spring-boot-starter-data-jpa-3.5.3.jar:/home/nashtech/.m2/repository/org/springframework/boot/spring-boot-starter/3.5.3/spring-boot-starter-3.5.3.jar:/home/nashtech/.m2/repository/org/springframework/boot/spring-boot-starter-logging/3.5.3/spring-boot-starter-logging-3.5.3.jar:/home/nashtech/.m2/repository/ch/qos/logback/logback-classic/1.5.18/logback-classic-1.5.18.jar:/home/nashtech/.m2/repository/ch/qos/logback/logback-core/1.5.18/logback-core-1.5.18.jar:/home/nashtech/.m2/repository/org/apache/logging/log4j/log4j-to-slf4j/2.24.3/log4j-to-slf4j-2.24.3.jar:/home/nashtech/.m2/repository/org/apache/logging/log4j/log4j-api/2.24.3/log4j-api-2.24.3.jar:/home/nashtech/.m2/repository/org/slf4j/jul-to-slf4j/2.0.17/jul-to-slf4j-2.0.17.jar:/home/nashtech/.m2/repository/jakarta/annotation/jakarta.annotation-api/2.1.1/jakarta.annotation-api-2.1.1.jar:/home/nashtech/.m2/repository/org/yaml/snakeyaml/2.4/snakeyaml-2.4.jar:/home/nashtech/.m2/repository/org/springframework/boot/spring-boot-starter-jdbc/3.5.3/spring-boot-starter-jdbc-3.5.3.jar:/home/nashtech/.m2/repository/com/zaxxer/HikariCP/6.3.0/HikariCP-6.3.0.jar:/home/nashtech/.m2/repository/org/springframework/spring-jdbc/6.2.8/spring-jdbc-6.2.8.jar:/home/nashtech/.m2/repository/org/hibernate/orm/hibernate-core/6.6.18.Final/hibernate-core-6.6.18.Final.jar:/home/nashtech/.m2/repository/jakarta/persistence/jakarta.persistence-api/3.1.0/jakarta.persistence-api-3.1.0.jar:/home/nashtech/.m2/repository/jakarta/transaction/jakarta.transaction-api/2.0.1/jakarta.transaction-api-2.0.1.jar:/home/nashtech/.m2/repository/org/jboss/logging/jboss-logging/3.6.1.Final/jboss-logging-3.6.1.Final.jar:/home/nashtech/.m2/repository/org/hibernate/common/hibernate-commons-annotations/7.0.3.Final/hibernate-commons-annotations-7.0.3.Final.jar:/home/nashtech/.m2/repository/io/smallrye/jandex/3.2.0/jandex-3.2.0.jar:/home/nashtech/.m2/repository/com/fasterxml/classmate/1.7.0/classmate-1.7.0.jar:/home/nashtech/.m2/repository/net/bytebuddy/byte-buddy/1.17.6/byte-buddy-1.17.6.jar:/home/nashtech/.m2/repository/org/glassfish/jaxb/jaxb-runtime/4.0.5/jaxb-runtime-4.0.5.jar:/home/nashtech/.m2/repository/org/glassfish/jaxb/jaxb-core/4.0.5/jaxb-core-4.0.5.jar:/home/nashtech/.m2/repository/org/eclipse/angus/angus-activation/2.0.2/angus-activation-2.0.2.jar:/home/nashtech/.m2/repository/org/glassfish/jaxb/txw2/4.0.5/txw2-4.0.5.jar:/home/nashtech/.m2/repository/com/sun/istack/istack-commons-runtime/4.1.2/istack-commons-runtime-4.1.2.jar:/home/nashtech/.m2/repository/jakarta/inject/jakarta.inject-api/2.0.1/jakarta.inject-api-2.0.1.jar:/home/nashtech/.m2/repository/org/antlr/antlr4-runtime/4.13.0/antlr4-runtime-4.13.0.jar:/home/nashtech/.m2/repository/org/springframework/data/spring-data-jpa/3.5.1/spring-data-jpa-3.5.1.jar:/home/nashtech/.m2/repository/org/springframework/data/spring-data-commons/3.5.1/spring-data-commons-3.5.1.jar:/home/nashtech/.m2/repository/org/springframework/spring-orm/6.2.8/spring-orm-6.2.8.jar:/home/nashtech/.m2/repository/org/springframework/spring-context/6.2.8/spring-context-6.2.8.jar:/home/nashtech/.m2/repository/org/springframework/spring-aop/6.2.8/spring-aop-6.2.8.jar:/home/nashtech/.m2/repository/org/springframework/spring-tx/6.2.8/spring-tx-6.2.8.jar:/home/nashtech/.m2/repository/org/springframework/spring-beans/6.2.8/spring-beans-6.2.8.jar:/home/nashtech/.m2/repository/org/slf4j/slf4j-api/2.0.17/slf4j-api-2.0.17.jar:/home/nashtech/.m2/repository/org/springframework/spring-aspects/6.2.8/spring-aspects-6.2.8.jar:/home/nashtech/.m2/repository/org/aspectj/aspectjweaver/1.9.24/aspectjweaver-1.9.24.jar:/home/nashtech/.m2/repository/org/springframework/boot/spring-boot-starter-web/3.5.3/spring-boot-starter-web-3.5.3.jar:/home/nashtech/.m2/repository/org/springframework/boot/spring-boot-starter-json/3.5.3/spring-boot-starter-json-3.5.3.jar:/home/nashtech/.m2/repository/com/fasterxml/jackson/core/jackson-databind/2.19.1/jackson-databind-2.19.1.jar:/home/nashtech/.m2/repository/com/fasterxml/jackson/core/jackson-annotations/2.19.1/jackson-annotations-2.19.1.jar:/home/nashtech/.m2/repository/com/fasterxml/jackson/core/jackson-core/2.19.1/jackson-core-2.19.1.jar:/home/nashtech/.m2/repository/com/fasterxml/jackson/datatype/jackson-datatype-jdk8/2.19.1/jackson-datatype-jdk8-2.19.1.jar:/home/nashtech/.m2/repository/com/fasterxml/jackson/datatype/jackson-datatype-jsr310/2.19.1/jackson-datatype-jsr310-2.19.1.jar:/home/nashtech/.m2/repository/com/fasterxml/jackson/module/jackson-module-parameter-names/2.19.1/jackson-module-parameter-names-2.19.1.jar:/home/nashtech/.m2/repository/org/springframework/boot/spring-boot-starter-tomcat/3.5.3/spring-boot-starter-tomcat-3.5.3.jar:/home/nashtech/.m2/repository/org/apache/tomcat/embed/tomcat-embed-core/10.1.42/tomcat-embed-core-10.1.42.jar:/home/nashtech/.m2/repository/org/apache/tomcat/embed/tomcat-embed-el/10.1.42/tomcat-embed-el-10.1.42.jar:/home/nashtech/.m2/repository/org/apache/tomcat/embed/tomcat-embed-websocket/10.1.42/tomcat-embed-websocket-10.1.42.jar:/home/nashtech/.m2/repository/org/springframework/spring-web/6.2.8/spring-web-6.2.8.jar:/home/nashtech/.m2/repository/io/micrometer/micrometer-observation/1.15.1/micrometer-observation-1.15.1.jar:/home/nashtech/.m2/repository/io/micrometer/micrometer-commons/1.15.1/micrometer-commons-1.15.1.jar:/home/nashtech/.m2/repository/org/springframework/spring-webmvc/6.2.8/spring-webmvc-6.2.8.jar:/home/nashtech/.m2/repository/org/springframework/spring-expression/6.2.8/spring-expression-6.2.8.jar:/home/nashtech/.m2/repository/org/springframework/boot/spring-boot-devtools/3.5.3/spring-boot-devtools-3.5.3.jar:/home/nashtech/.m2/repository/org/springframework/boot/spring-boot/3.5.3/spring-boot-3.5.3.jar:/home/nashtech/.m2/repository/org/springframework/boot/spring-boot-autoconfigure/3.5.3/spring-boot-autoconfigure-3.5.3.jar:/home/nashtech/.m2/repository/org/postgresql/postgresql/42.7.7/postgresql-42.7.7.jar:/home/nashtech/.m2/repository/org/checkerframework/checker-qual/3.49.3/checker-qual-3.49.3.jar:/home/nashtech/.m2/repository/org/springframework/boot/spring-boot-starter-test/3.5.3/spring-boot-starter-test-3.5.3.jar:/home/nashtech/.m2/repository/org/springframework/boot/spring-boot-test/3.5.3/spring-boot-test-3.5.3.jar:/home/nashtech/.m2/repository/org/springframework/boot/spring-boot-test-autoconfigure/3.5.3/spring-boot-test-autoconfigure-3.5.3.jar:/home/nashtech/.m2/repository/com/jayway/jsonpath/json-path/2.9.0/json-path-2.9.0.jar:/home/nashtech/.m2/repository/jakarta/xml/bind/jakarta.xml.bind-api/4.0.2/jakarta.xml.bind-api-4.0.2.jar:/home/nashtech/.m2/repository/jakarta/activation/jakarta.activation-api/2.1.3/jakarta.activation-api-2.1.3.jar:/home/nashtech/.m2/repository/net/minidev/json-smart/2.5.2/json-smart-2.5.2.jar:/home/nashtech/.m2/repository/net/minidev/accessors-smart/2.5.2/accessors-smart-2.5.2.jar:/home/nashtech/.m2/repository/org/ow2/asm/asm/9.7.1/asm-9.7.1.jar:/home/nashtech/.m2/repository/org/assertj/assertj-core/3.27.3/assertj-core-3.27.3.jar:/home/nashtech/.m2/repository/org/awaitility/awaitility/4.2.2/awaitility-4.2.2.jar:/home/nashtech/.m2/repository/org/hamcrest/hamcrest/3.0/hamcrest-3.0.jar:/home/nashtech/.m2/repository/org/junit/jupiter/junit-jupiter/5.12.2/junit-jupiter-5.12.2.jar:/home/nashtech/.m2/repository/org/junit/jupiter/junit-jupiter-api/5.12.2/junit-jupiter-api-5.12.2.jar:/home/nashtech/.m2/repository/org/opentest4j/opentest4j/1.3.0/opentest4j-1.3.0.jar:/home/nashtech/.m2/repository/org/junit/platform/junit-platform-commons/1.12.2/junit-platform-commons-1.12.2.jar:/home/nashtech/.m2/repository/org/apiguardian/apiguardian-api/1.1.2/apiguardian-api-1.1.2.jar:/home/nashtech/.m2/repository/org/junit/jupiter/junit-jupiter-params/5.12.2/junit-jupiter-params-5.12.2.jar:/home/nashtech/.m2/repository/org/junit/jupiter/junit-jupiter-engine/5.12.2/junit-jupiter-engine-5.12.2.jar:/home/nashtech/.m2/repository/org/junit/platform/junit-platform-engine/1.12.2/junit-platform-engine-1.12.2.jar:/home/nashtech/.m2/repository/org/mockito/mockito-core/5.17.0/mockito-core-5.17.0.jar:/home/nashtech/.m2/repository/net/bytebuddy/byte-buddy-agent/1.17.6/byte-buddy-agent-1.17.6.jar:/home/nashtech/.m2/repository/org/objenesis/objenesis/3.3/objenesis-3.3.jar:/home/nashtech/.m2/repository/org/mockito/mockito-junit-jupiter/5.17.0/mockito-junit-jupiter-5.17.0.jar:/home/nashtech/.m2/repository/org/skyscreamer/jsonassert/1.5.3/jsonassert-1.5.3.jar:/home/nashtech/.m2/repository/com/vaadin/external/google/android-json/0.0.20131108.vaadin1/android-json-0.0.20131108.vaadin1.jar:/home/nashtech/.m2/repository/org/springframework/spring-core/6.2.8/spring-core-6.2.8.jar:/home/nashtech/.m2/repository/org/springframework/spring-jcl/6.2.8/spring-jcl-6.2.8.jar:/home/nashtech/.m2/repository/org/springframework/spring-test/6.2.8/spring-test-6.2.8.jar:/home/nashtech/.m2/repository/org/xmlunit/xmlunit-core/2.10.2/xmlunit-core-2.10.2.jar:"/>
    <property name="java.vm.vendor" value="Ubuntu"/>
    <property name="sun.arch.data.model" value="64"/>
    <property name="java.vendor.url" value="https://ubuntu.com/"/>
    <property name="user.timezone" value="Asia/Kolkata"/>
    <property name="org.jboss.logging.provider" value="slf4j"/>
    <property name="os.name" value="Linux"/>
    <property name="java.vm.specification.version" value="17"/>
    <property name="APPLICATION_NAME" value="springdatajpa-demo"/>
    <property name="sun.java.launcher" value="SUN_STANDARD"/>
    <property name="user.country" value="US"/>
    <property name="sun.boot.library.path" value="/usr/lib/jvm/java-17-openjdk-amd64/lib"/>
    <property name="sun.java.command" value="/home/nashtech/Documents/techhub-springdatajpa-demo/springdatajpa-demo/target/surefire/surefirebooter-20250626005917323_3.jar /home/nashtech/Documents/techhub-springdatajpa-demo/springdatajpa-demo/target/surefire 2025-06-26T00-59-16_837-jvmRun1 surefire-20250626005917323_1tmp surefire_0-20250626005917323_2tmp"/>
    <property name="jdk.debug" value="release"/>
    <property name="surefire.test.class.path" value="/home/nashtech/Documents/techhub-springdatajpa-demo/springdatajpa-demo/target/test-classes:/home/nashtech/Documents/techhub-springdatajpa-demo/springdatajpa-demo/target/classes:/home/nashtech/.m2/repository/org/springframework/boot/spring-boot-starter-data-jpa/3.5.3/spring-boot-starter-data-jpa-3.5.3.jar:/home/nashtech/.m2/repository/org/springframework/boot/spring-boot-starter/3.5.3/spring-boot-starter-3.5.3.jar:/home/nashtech/.m2/repository/org/springframework/boot/spring-boot-starter-logging/3.5.3/spring-boot-starter-logging-3.5.3.jar:/home/nashtech/.m2/repository/ch/qos/logback/logback-classic/1.5.18/logback-classic-1.5.18.jar:/home/nashtech/.m2/repository/ch/qos/logback/logback-core/1.5.18/logback-core-1.5.18.jar:/home/nashtech/.m2/repository/org/apache/logging/log4j/log4j-to-slf4j/2.24.3/log4j-to-slf4j-2.24.3.jar:/home/nashtech/.m2/repository/org/apache/logging/log4j/log4j-api/2.24.3/log4j-api-2.24.3.jar:/home/nashtech/.m2/repository/org/slf4j/jul-to-slf4j/2.0.17/jul-to-slf4j-2.0.17.jar:/home/nashtech/.m2/repository/jakarta/annotation/jakarta.annotation-api/2.1.1/jakarta.annotation-api-2.1.1.jar:/home/nashtech/.m2/repository/org/yaml/snakeyaml/2.4/snakeyaml-2.4.jar:/home/nashtech/.m2/repository/org/springframework/boot/spring-boot-starter-jdbc/3.5.3/spring-boot-starter-jdbc-3.5.3.jar:/home/nashtech/.m2/repository/com/zaxxer/HikariCP/6.3.0/HikariCP-6.3.0.jar:/home/nashtech/.m2/repository/org/springframework/spring-jdbc/6.2.8/spring-jdbc-6.2.8.jar:/home/nashtech/.m2/repository/org/hibernate/orm/hibernate-core/6.6.18.Final/hibernate-core-6.6.18.Final.jar:/home/nashtech/.m2/repository/jakarta/persistence/jakarta.persistence-api/3.1.0/jakarta.persistence-api-3.1.0.jar:/home/nashtech/.m2/repository/jakarta/transaction/jakarta.transaction-api/2.0.1/jakarta.transaction-api-2.0.1.jar:/home/nashtech/.m2/repository/org/jboss/logging/jboss-logging/3.6.1.Final/jboss-logging-3.6.1.Final.jar:/home/nashtech/.m2/repository/org/hibernate/common/hibernate-commons-annotations/7.0.3.Final/hibernate-commons-annotations-7.0.3.Final.jar:/home/nashtech/.m2/repository/io/smallrye/jandex/3.2.0/jandex-3.2.0.jar:/home/nashtech/.m2/repository/com/fasterxml/classmate/1.7.0/classmate-1.7.0.jar:/home/nashtech/.m2/repository/net/bytebuddy/byte-buddy/1.17.6/byte-buddy-1.17.6.jar:/home/nashtech/.m2/repository/org/glassfish/jaxb/jaxb-runtime/4.0.5/jaxb-runtime-4.0.5.jar:/home/nashtech/.m2/repository/org/glassfish/jaxb/jaxb-core/4.0.5/jaxb-core-4.0.5.jar:/home/nashtech/.m2/repository/org/eclipse/angus/angus-activation/2.0.2/angus-activation-2.0.2.jar:/home/nashtech/.m2/repository/org/glassfish/jaxb/txw2/4.0.5/txw2-4.0.5.jar:/home/nashtech/.m2/repository/com/sun/istack/istack-commons-runtime/4.1.2/istack-commons-runtime-4.1.2.jar:/home/nashtech/.m2/repository/jakarta/inject/jakarta.inject-api/2.0.1/jakarta.inject-api-2.0.1.jar:/home/nashtech/.m2/repository/org/antlr/antlr4-runtime/4.13.0/antlr4-runtime-4.13.0.jar:/home/nashtech/.m2/repository/org/springframework/data/spring-data-jpa/3.5.1/spring-data-jpa-3.5.1.jar:/home/nashtech/.m2/repository/org/springframework/data/spring-data-commons/3.5.1/spring-data-commons-3.5.1.jar:/home/nashtech/.m2/repository/org/springframework/spring-orm/6.2.8/spring-orm-6.2.8.jar:/home/nashtech/.m2/repository/org/springframework/spring-context/6.2.8/spring-context-6.2.8.jar:/home/nashtech/.m2/repository/org/springframework/spring-aop/6.2.8/spring-aop-6.2.8.jar:/home/nashtech/.m2/repository/org/springframework/spring-tx/6.2.8/spring-tx-6.2.8.jar:/home/nashtech/.m2/repository/org/springframework/spring-beans/6.2.8/spring-beans-6.2.8.jar:/home/nashtech/.m2/repository/org/slf4j/slf4j-api/2.0.17/slf4j-api-2.0.17.jar:/home/nashtech/.m2/repository/org/springframework/spring-aspects/6.2.8/spring-aspects-6.2.8.jar:/home/nashtech/.m2/repository/org/aspectj/aspectjweaver/1.9.24/aspectjweaver-1.9.24.jar:/home/nashtech/.m2/repository/org/springframework/boot/spring-boot-starter-web/3.5.3/spring-boot-starter-web-3.5.3.jar:/home/nashtech/.m2/repository/org/springframework/boot/spring-boot-starter-json/3.5.3/spring-boot-starter-json-3.5.3.jar:/home/nashtech/.m2/repository/com/fasterxml/jackson/core/jackson-databind/2.19.1/jackson-databind-2.19.1.jar:/home/nashtech/.m2/repository/com/fasterxml/jackson/core/jackson-annotations/2.19.1/jackson-annotations-2.19.1.jar:/home/nashtech/.m2/repository/com/fasterxml/jackson/core/jackson-core/2.19.1/jackson-core-2.19.1.jar:/home/nashtech/.m2/repository/com/fasterxml/jackson/datatype/jackson-datatype-jdk8/2.19.1/jackson-datatype-jdk8-2.19.1.jar:/home/nashtech/.m2/repository/com/fasterxml/jackson/datatype/jackson-datatype-jsr310/2.19.1/jackson-datatype-jsr310-2.19.1.jar:/home/nashtech/.m2/repository/com/fasterxml/jackson/module/jackson-module-parameter-names/2.19.1/jackson-module-parameter-names-2.19.1.jar:/home/nashtech/.m2/repository/org/springframework/boot/spring-boot-starter-tomcat/3.5.3/spring-boot-starter-tomcat-3.5.3.jar:/home/nashtech/.m2/repository/org/apache/tomcat/embed/tomcat-embed-core/10.1.42/tomcat-embed-core-10.1.42.jar:/home/nashtech/.m2/repository/org/apache/tomcat/embed/tomcat-embed-el/10.1.42/tomcat-embed-el-10.1.42.jar:/home/nashtech/.m2/repository/org/apache/tomcat/embed/tomcat-embed-websocket/10.1.42/tomcat-embed-websocket-10.1.42.jar:/home/nashtech/.m2/repository/org/springframework/spring-web/6.2.8/spring-web-6.2.8.jar:/home/nashtech/.m2/repository/io/micrometer/micrometer-observation/1.15.1/micrometer-observation-1.15.1.jar:/home/nashtech/.m2/repository/io/micrometer/micrometer-commons/1.15.1/micrometer-commons-1.15.1.jar:/home/nashtech/.m2/repository/org/springframework/spring-webmvc/6.2.8/spring-webmvc-6.2.8.jar:/home/nashtech/.m2/repository/org/springframework/spring-expression/6.2.8/spring-expression-6.2.8.jar:/home/nashtech/.m2/repository/org/springframework/boot/spring-boot-devtools/3.5.3/spring-boot-devtools-3.5.3.jar:/home/nashtech/.m2/repository/org/springframework/boot/spring-boot/3.5.3/spring-boot-3.5.3.jar:/home/nashtech/.m2/repository/org/springframework/boot/spring-boot-autoconfigure/3.5.3/spring-boot-autoconfigure-3.5.3.jar:/home/nashtech/.m2/repository/org/postgresql/postgresql/42.7.7/postgresql-42.7.7.jar:/home/nashtech/.m2/repository/org/checkerframework/checker-qual/3.49.3/checker-qual-3.49.3.jar:/home/nashtech/.m2/repository/org/springframework/boot/spring-boot-starter-test/3.5.3/spring-boot-starter-test-3.5.3.jar:/home/nashtech/.m2/repository/org/springframework/boot/spring-boot-test/3.5.3/spring-boot-test-3.5.3.jar:/home/nashtech/.m2/repository/org/springframework/boot/spring-boot-test-autoconfigure/3.5.3/spring-boot-test-autoconfigure-3.5.3.jar:/home/nashtech/.m2/repository/com/jayway/jsonpath/json-path/2.9.0/json-path-2.9.0.jar:/home/nashtech/.m2/repository/jakarta/xml/bind/jakarta.xml.bind-api/4.0.2/jakarta.xml.bind-api-4.0.2.jar:/home/nashtech/.m2/repository/jakarta/activation/jakarta.activation-api/2.1.3/jakarta.activation-api-2.1.3.jar:/home/nashtech/.m2/repository/net/minidev/json-smart/2.5.2/json-smart-2.5.2.jar:/home/nashtech/.m2/repository/net/minidev/accessors-smart/2.5.2/accessors-smart-2.5.2.jar:/home/nashtech/.m2/repository/org/ow2/asm/asm/9.7.1/asm-9.7.1.jar:/home/nashtech/.m2/repository/org/assertj/assertj-core/3.27.3/assertj-core-3.27.3.jar:/home/nashtech/.m2/repository/org/awaitility/awaitility/4.2.2/awaitility-4.2.2.jar:/home/nashtech/.m2/repository/org/hamcrest/hamcrest/3.0/hamcrest-3.0.jar:/home/nashtech/.m2/repository/org/junit/jupiter/junit-jupiter/5.12.2/junit-jupiter-5.12.2.jar:/home/nashtech/.m2/repository/org/junit/jupiter/junit-jupiter-api/5.12.2/junit-jupiter-api-5.12.2.jar:/home/nashtech/.m2/repository/org/opentest4j/opentest4j/1.3.0/opentest4j-1.3.0.jar:/home/nashtech/.m2/repository/org/junit/platform/junit-platform-commons/1.12.2/junit-platform-commons-1.12.2.jar:/home/nashtech/.m2/repository/org/apiguardian/apiguardian-api/1.1.2/apiguardian-api-1.1.2.jar:/home/nashtech/.m2/repository/org/junit/jupiter/junit-jupiter-params/5.12.2/junit-jupiter-params-5.12.2.jar:/home/nashtech/.m2/repository/org/junit/jupiter/junit-jupiter-engine/5.12.2/junit-jupiter-engine-5.12.2.jar:/home/nashtech/.m2/repository/org/junit/platform/junit-platform-engine/1.12.2/junit-platform-engine-1.12.2.jar:/home/nashtech/.m2/repository/org/mockito/mockito-core/5.17.0/mockito-core-5.17.0.jar:/home/nashtech/.m2/repository/net/bytebuddy/byte-buddy-agent/1.17.6/byte-buddy-agent-1.17.6.jar:/home/nashtech/.m2/repository/org/objenesis/objenesis/3.3/objenesis-3.3.jar:/home/nashtech/.m2/repository/org/mockito/mockito-junit-jupiter/5.17.0/mockito-junit-jupiter-5.17.0.jar:/home/nashtech/.m2/repository/org/skyscreamer/jsonassert/1.5.3/jsonassert-1.5.3.jar:/home/nashtech/.m2/repository/com/vaadin/external/google/android-json/0.0.20131108.vaadin1/android-json-0.0.20131108.vaadin1.jar:/home/nashtech/.m2/repository/org/springframework/spring-core/6.2.8/spring-core-6.2.8.jar:/home/nashtech/.m2/repository/org/springframework/spring-jcl/6.2.8/spring-jcl-6.2.8.jar:/home/nashtech/.m2/repository/org/springframework/spring-test/6.2.8/spring-test-6.2.8.jar:/home/nashtech/.m2/repository/org/xmlunit/xmlunit-core/2.10.2/xmlunit-core-2.10.2.jar:"/>
    <property name="sun.cpu.endian" value="little"/>
    <property name="user.home" value="/home/nashtech"/>
    <property name="user.language" value="en"/>
    <property name="java.specification.vendor" value="Oracle Corporation"/>
    <property name="java.version.date" value="2025-04-15"/>
    <property name="java.home" value="/usr/lib/jvm/java-17-openjdk-amd64"/>
    <property name="file.separator" value="/"/>
    <property name="basedir" value="/home/nashtech/Documents/techhub-springdatajpa-demo/springdatajpa-demo"/>
    <property name="java.vm.compressedOopsMode" value="Zero based"/>
    <property name="line.separator" value="&#10;"/>
    <property name="java.specification.name" value="Java Platform API Specification"/>
    <property name="java.vm.specification.vendor" value="Oracle Corporation"/>
    <property name="FILE_LOG_CHARSET" value="UTF-8"/>
    <property name="java.awt.headless" value="true"/>
    <property name="surefire.real.class.path" value="/home/nashtech/Documents/techhub-springdatajpa-demo/springdatajpa-demo/target/surefire/surefirebooter-20250626005917323_3.jar"/>
    <property name="sun.management.compiler" value="HotSpot 64-Bit Tiered Compilers"/>
    <property name="java.runtime.version" value="17.0.15+6-Ubuntu-0ubuntu122.04"/>
    <property name="user.name" value="nashtech"/>
    <property name="path.separator" value=":"/>
    <property name="os.version" value="6.8.0-60-generic"/>
    <property name="java.runtime.name" value="OpenJDK Runtime Environment"/>
    <property name="file.encoding" value="UTF-8"/>
    <property name="java.vm.name" value="OpenJDK 64-Bit Server VM"/>
    <property name="localRepository" value="/home/nashtech/.m2/repository"/>
    <property name="java.vendor.url.bug" value="https://bugs.launchpad.net/ubuntu/+source/openjdk-17"/>
    <property name="java.io.tmpdir" value="/tmp"/>
    <property name="com.zaxxer.hikari.pool_number" value="1"/>
    <property name="java.version" value="17.0.15"/>
    <property name="user.dir" value="/home/nashtech/Documents/techhub-springdatajpa-demo/springdatajpa-demo"/>
    <property name="os.arch" value="amd64"/>
    <property name="java.vm.specification.name" value="Java Virtual Machine Specification"/>
    <property name="PID" value="366018"/>
    <property name="CONSOLE_LOG_CHARSET" value="UTF-8"/>
    <property name="native.encoding" value="UTF-8"/>
    <property name="java.library.path" value="/usr/java/packages/lib:/usr/lib/x86_64-linux-gnu/jni:/lib/x86_64-linux-gnu:/usr/lib/x86_64-linux-gnu:/usr/lib/jni:/lib:/usr/lib"/>
    <property name="java.vm.info" value="mixed mode, sharing"/>
    <property name="java.vendor" value="Ubuntu"/>
    <property name="java.vm.version" value="17.0.15+6-Ubuntu-0ubuntu122.04"/>
    <property name="java.specification.maintenance.version" value="1"/>
    <property name="sun.io.unicode.encoding" value="UnicodeLittle"/>
    <property name="java.class.version" value="61.0"/>
    <property name="LOGGED_APPLICATION_NAME" value="[springdatajpa-demo] "/>
  </properties>
  <testcase name="contextLoads" classname="com.techhub.springdatajpa_demo.SpringdatajpaDemoApplicationTests" time="0.26">
    <system-out><![CDATA[00:59:17.691 [main] INFO org.springframework.test.context.support.AnnotationConfigContextLoaderUtils -- Could not detect default configuration classes for test class [com.techhub.springdatajpa_demo.SpringdatajpaDemoApplicationTests]: SpringdatajpaDemoApplicationTests does not declare any static, non-private, non-final, nested classes annotated with @Configuration.
00:59:17.745 [main] INFO org.springframework.boot.test.context.SpringBootTestContextBootstrapper -- Found @SpringBootConfiguration com.techhub.springdatajpa_demo.SpringdatajpaDemoApplication for test class com.techhub.springdatajpa_demo.SpringdatajpaDemoApplicationTests
00:59:17.824 [main] INFO org.springframework.boot.devtools.restart.RestartApplicationListener -- Restart disabled due to context in which it is running

  .   ____          _            __ _ _
 /\\ / ___'_ __ _ _(_)_ __  __ _ \ \ \ \
( ( )\___ | '_ | '_| | '_ \/ _` | \ \ \ \
 \\/  ___)| |_)| | | | | || (_| |  ) ) ) )
  '  |____| .__|_| |_|_| |_\__, | / / / /
 =========|_|==============|___/=/_/_/_/

 :: Spring Boot ::                (v3.5.3)

2025-06-26T00:59:17.959+05:30  INFO 366018 --- [springdatajpa-demo] [           main] c.t.s.SpringdatajpaDemoApplicationTests  : Starting SpringdatajpaDemoApplicationTests using Java 17.0.15 with PID 366018 (started by nashtech in /home/nashtech/Documents/techhub-springdatajpa-demo/springdatajpa-demo)
2025-06-26T00:59:17.960+05:30  INFO 366018 --- [springdatajpa-demo] [           main] c.t.s.SpringdatajpaDemoApplicationTests  : No active profile set, falling back to 1 default profile: "default"
2025-06-26T00:59:18.294+05:30  INFO 366018 --- [springdatajpa-demo] [           main] .s.d.r.c.RepositoryConfigurationDelegate : Bootstrapping Spring Data JPA repositories in DEFAULT mode.
2025-06-26T00:59:18.329+05:30  INFO 366018 --- [springdatajpa-demo] [           main] .s.d.r.c.RepositoryConfigurationDelegate : Finished Spring Data repository scanning in 28 ms. Found 4 JPA repository interfaces.
2025-06-26T00:59:18.628+05:30  INFO 366018 --- [springdatajpa-demo] [           main] o.hibernate.jpa.internal.util.LogHelper  : HHH000204: Processing PersistenceUnitInfo [name: default]
2025-06-26T00:59:18.651+05:30  INFO 366018 --- [springdatajpa-demo] [           main] org.hibernate.Version                    : HHH000412: Hibernate ORM core version 6.6.18.Final
2025-06-26T00:59:18.673+05:30  INFO 366018 --- [springdatajpa-demo] [           main] o.h.c.internal.RegionFactoryInitiator    : HHH000026: Second-level cache disabled
2025-06-26T00:59:18.805+05:30  INFO 366018 --- [springdatajpa-demo] [           main] o.s.o.j.p.SpringPersistenceUnitInfo      : No LoadTimeWeaver setup: ignoring JPA class transformer
2025-06-26T00:59:18.821+05:30  INFO 366018 --- [springdatajpa-demo] [           main] com.zaxxer.hikari.HikariDataSource       : HikariPool-1 - Starting...
2025-06-26T00:59:19.029+05:30  INFO 366018 --- [springdatajpa-demo] [           main] com.zaxxer.hikari.pool.HikariPool        : HikariPool-1 - Added connection org.postgresql.jdbc.PgConnection@3cf4dec7
2025-06-26T00:59:19.031+05:30  INFO 366018 --- [springdatajpa-demo] [           main] com.zaxxer.hikari.HikariDataSource       : HikariPool-1 - Start completed.
2025-06-26T00:59:19.054+05:30  WARN 366018 --- [springdatajpa-demo] [           main] org.hibernate.orm.deprecation            : HHH90000025: PostgreSQLDialect does not need to be specified explicitly using 'hibernate.dialect' (remove the property setting and it will be selected by default)
2025-06-26T00:59:19.070+05:30  INFO 366018 --- [springdatajpa-demo] [           main] org.hibernate.orm.connections.pooling    : HHH10001005: Database info:
	Database JDBC URL [Connecting through datasource 'HikariDataSource (HikariPool-1)']
	Database driver: undefined/unknown
	Database version: 14.18
	Autocommit mode: undefined/unknown
	Isolation level: undefined/unknown
	Minimum pool size: undefined/unknown
	Maximum pool size: undefined/unknown
2025-06-26T00:59:19.515+05:30  INFO 366018 --- [springdatajpa-demo] [           main] o.h.e.t.j.p.i.JtaPlatformInitiator       : HHH000489: No JTA platform available (set 'hibernate.transaction.jta.platform' to enable JTA platform integration)
Hibernate: 
    create table author (
        id bigint generated by default as identity,
        name varchar(255),
        primary key (id)
    )
Hibernate: 
    create table book (
        id bigint generated by default as identity,
        price float(53) not null,
        title varchar(255),
        author_id bigint,
        category_id bigint,
        primary key (id)
    )
Hibernate: 
    create table category (
        id bigint generated by default as identity,
        name varchar(255),
        primary key (id)
    )
Hibernate: 
    create table order_books (
        order_id bigint not null,
        book_id bigint not null
    )
Hibernate: 
    create table orders (
        id bigint generated by default as identity,
        ordered_at timestamp(6),
        primary key (id)
    )
Hibernate: 
    alter table if exists book 
       add constraint FKklnrv3weler2ftkweewlky958 
       foreign key (author_id) 
       references author
Hibernate: 
    alter table if exists book 
       add constraint FKam9riv8y6rjwkua1gapdfew4j 
       foreign key (category_id) 
       references category
Hibernate: 
    alter table if exists order_books 
       add constraint FKob9ouxm4839moiuume94l94yg 
       foreign key (book_id) 
       references book
Hibernate: 
    alter table if exists order_books 
       add constraint FK9ai8wib7jbokb4njnkwb8cy5i 
       foreign key (order_id) 
       references orders
2025-06-26T00:59:19.555+05:30  INFO 366018 --- [springdatajpa-demo] [           main] j.LocalContainerEntityManagerFactoryBean : Initialized JPA EntityManagerFactory for persistence unit 'default'
2025-06-26T00:59:19.818+05:30  WARN 366018 --- [springdatajpa-demo] [           main] JpaBaseConfiguration$JpaWebConfiguration : spring.jpa.open-in-view is enabled by default. Therefore, database queries may be performed during view rendering. Explicitly configure spring.jpa.open-in-view to disable this warning
2025-06-26T00:59:20.053+05:30  INFO 366018 --- [springdatajpa-demo] [           main] c.t.s.SpringdatajpaDemoApplicationTests  : Started SpringdatajpaDemoApplicationTests in 2.234 seconds (process running for 2.7)
Hibernate: 
    select
        count(*) 
    from
        author a1_0
Hibernate: 
    select
        count(*) 
    from
        category c1_0
Hibernate: 
    select
        count(*) 
    from
        book b1_0
Hibernate: 
    insert 
    into
        author
        (name) 
    values
        (?)
Hibernate: 
    insert 
    into
        author
        (name) 
    values
        (?)
Hibernate: 
    insert 
    into
        author
        (name) 
    values
        (?)
Hibernate: 
    insert 
    into
        category
        (name) 
    values
        (?)
Hibernate: 
    insert 
    into
        category
        (name) 
    values
        (?)
Hibernate: 
    insert 
    into
        category
        (name) 
    values
        (?)
Hibernate: 
    insert 
    into
        book
        (author_id, category_id, price, title) 
    values
        (?, ?, ?, ?)
Hibernate: 
    insert 
    into
        book
        (author_id, category_id, price, title) 
    values
        (?, ?, ?, ?)
Hibernate: 
    insert 
    into
        book
        (author_id, category_id, price, title) 
    values
        (?, ?, ?, ?)
]]></system-out>
  </testcase>
</testsuite>